2023-04-09 08:39:25 INFO  log:170 - Logging initialized @2730ms to org.eclipse.jetty.util.log.Slf4jLog
2023-04-09 08:39:25 INFO  Server:375 - jetty-9.4.43.v20210629; built: 2021-06-30T11:07:22.254Z; git: 526006ecfa3af7f1a27ef3a288e2bef7ea9dd7e8; jvm 11.0.18+10-post-Ubuntu-0ubuntu120.04.1
2023-04-09 08:39:26 INFO  AnnotationConfiguration:473 - Scanning elapsed time=0ms
2023-04-09 08:39:26 INFO  session:334 - DefaultSessionIdManager workerName=node0
2023-04-09 08:39:26 INFO  session:339 - No SessionScavenger set, using defaults
2023-04-09 08:39:26 INFO  session:132 - node0 Scavenging every 660000ms
2023-04-09 08:39:26 INFO  ContextHandler:915 - Started o.e.j.w.WebAppContext@2aa3dc45{/,file:///home/jinx/workspace/vscode/java/jetty-rest/src/main/webapp/,AVAILABLE}
2023-04-09 08:39:26 INFO  AbstractConnector:331 - Started ServerConnector@9fa4535{HTTP/1.1, (http/1.1)}{0.0.0.0:8080}
2023-04-09 08:39:26 INFO  Server:415 - Started @3605ms
2023-04-09 08:40:58 INFO  Upload:42 - 0253445063,SOCIETE FEDERALE DE PARTICIPATIONS ET D'INVESTISSEMENT - FEDERALE PARTICIPATIE- EN INVESTERINGSMAATSCHAPPIJ,0418217577,SA Société Nationale de Construction Aérospatiale,UPE
0253445063,SOCIETE FEDERALE DE PARTICIPATIONS ET D'INVESTISSEMENT - FEDERALE PARTICIPATIE- EN INVESTERINGSMAATSCHAPPIJ,0432618812,SA SAFRAN AERO BOOSTER,UPE
0253445063,SOCIETE FEDERALE DE PARTICIPATIONS ET D'INVESTISSEMENT - FEDERALE PARTICIPATIE- EN INVESTERINGSMAATSCHAPPIJ,0890082292,NV BRUSSELS AIRPORT COMPANY,UPE
0253445063,SOCIETE FEDERALE DE PARTICIPATIONS ET D'INVESTISSEMENT - FEDERALE PARTICIPATIE- EN INVESTERINGSMAATSCHAPPIJ,0411892088,SBI-BMI SA,CONSO
0253445063,SOCIETE FEDERALE DE PARTICIPATIONS ET D'INVESTISSEMENT - FEDERALE PARTICIPATIE- EN INVESTERINGSMAATSCHAPPIJ,0867095371,FIF-FSI SA,CONSO
0253445063,SOCIETE FEDERALE DE PARTICIPATIONS ET D'INVESTISSEMENT - FEDERALE PARTICIPATIE- EN INVESTERINGSMAATSCHAPPIJ,0867141297,PALAIS DES CONGRES - CONGRESPALEIS SA,CONSO
0253445063,SOCIETE FEDERALE DE PARTICIPATIONS ET D'INVESTISSEMENT - FEDERALE PARTICIPATIE- EN INVESTERINGSMAATSCHAPPIJ,0890159991,CERTI-FED SA,CONSO
0253445063,SOCIETE FEDERALE DE PARTICIPATIONS ET D'INVESTISSEMENT - FEDERALE PARTICIPATIE- EN INVESTERINGSMAATSCHAPPIJ,0890975484,KASTEEL CANTECROY BEHEER SA,CONSO
0418217577,Société Nationale de Construction Aérospatiale,0444302758,HOMIFREEZ,CONSO
0418217577,Société Nationale de Construction Aérospatiale,0631792672,SONACA VENTURES HOLDING,CONSO
0418217577,Société Nationale de Construction Aérospatiale,0637867149,SONACA AIRCRAFT,CONSO
0890082292,BRUSSELS AIRPORT COMPANY,0700664949,Cargo & Logistics Real Estate NV,CONSO
0890082292,BRUSSELS AIRPORT COMPANY,0863269712,DNB BA,CONSO

2023-04-09 08:41:23 INFO  Upload:42 - source,sourceLabel,target,targetLabel,linkLabel

2023-04-09 08:44:29 INFO  Upload:42 - source,sourceLabel,target,targetLabel,linkLabel
A,Node A,B, Node B, A &rarr; B
A,Node A,C, Node C, A &rarr; C
B,Node B,D, Node D, B &rarr; D
B,Node B,E, Node E, B &rarr; E


2023-04-09 08:44:48 INFO  Upload:42 - source,sourceLabel,target,targetLabel,linkLabel
A,Node A,B, Node B, A &rarr; B
A,Node A,C, Node C, A &rarr; C
B,Node B,D, Node D, B &rarr; D
B,Node B,E, Node E, B &rarr; E


2023-04-09 08:45:12 INFO  Upload:42 - 0253445063,SOCIETE FEDERALE DE PARTICIPATIONS ET D'INVESTISSEMENT - FEDERALE PARTICIPATIE- EN INVESTERINGSMAATSCHAPPIJ,0418217577,SA Société Nationale de Construction Aérospatiale,UPE
0253445063,SOCIETE FEDERALE DE PARTICIPATIONS ET D'INVESTISSEMENT - FEDERALE PARTICIPATIE- EN INVESTERINGSMAATSCHAPPIJ,0432618812,SA SAFRAN AERO BOOSTER,UPE
0253445063,SOCIETE FEDERALE DE PARTICIPATIONS ET D'INVESTISSEMENT - FEDERALE PARTICIPATIE- EN INVESTERINGSMAATSCHAPPIJ,0890082292,NV BRUSSELS AIRPORT COMPANY,UPE
0253445063,SOCIETE FEDERALE DE PARTICIPATIONS ET D'INVESTISSEMENT - FEDERALE PARTICIPATIE- EN INVESTERINGSMAATSCHAPPIJ,0411892088,SBI-BMI SA,CONSO
0253445063,SOCIETE FEDERALE DE PARTICIPATIONS ET D'INVESTISSEMENT - FEDERALE PARTICIPATIE- EN INVESTERINGSMAATSCHAPPIJ,0867095371,FIF-FSI SA,CONSO
0253445063,SOCIETE FEDERALE DE PARTICIPATIONS ET D'INVESTISSEMENT - FEDERALE PARTICIPATIE- EN INVESTERINGSMAATSCHAPPIJ,0867141297,PALAIS DES CONGRES - CONGRESPALEIS SA,CONSO
0253445063,SOCIETE FEDERALE DE PARTICIPATIONS ET D'INVESTISSEMENT - FEDERALE PARTICIPATIE- EN INVESTERINGSMAATSCHAPPIJ,0890159991,CERTI-FED SA,CONSO
0253445063,SOCIETE FEDERALE DE PARTICIPATIONS ET D'INVESTISSEMENT - FEDERALE PARTICIPATIE- EN INVESTERINGSMAATSCHAPPIJ,0890975484,KASTEEL CANTECROY BEHEER SA,CONSO
0418217577,Société Nationale de Construction Aérospatiale,0444302758,HOMIFREEZ,CONSO
0418217577,Société Nationale de Construction Aérospatiale,0631792672,SONACA VENTURES HOLDING,CONSO
0418217577,Société Nationale de Construction Aérospatiale,0637867149,SONACA AIRCRAFT,CONSO
0890082292,BRUSSELS AIRPORT COMPANY,0700664949,Cargo & Logistics Real Estate NV,CONSO
0890082292,BRUSSELS AIRPORT COMPANY,0863269712,DNB BA,CONSO

2023-04-09 08:46:04 INFO  Upload:42 - A,Node A,B, Node B, A -> B
A,Node A,C, Node C, A -> C
B,Node B,D, Node D, B -> D
B,Node B,E, Node E, B -> E


2023-04-09 08:47:01 INFO  Upload:42 - A,Node A,B,Node B,A -> B
A,Node A,C,Node C,A -> C
B,Node B,D,Node D,B -> D
B,Node B,E,Node E,B -> E


2023-04-09 08:47:10 INFO  Upload:42 - A,Node A,B,Node B,A -> B
A,Node A,C,Node C,A -> C
B,Node B,D,Node D,B -> D
B,Node B,E,Node E,B -> E


2023-04-09 08:47:20 INFO  Upload:42 - A,Node A,B,Node B,A -> B
A,Node A,C,Node C,A -> C
B,Node B,D,Node D,B -> D
B,Node B,E,Node E,B -> E


2023-04-09 08:54:36 INFO  Upload:42 - A,Node A,B,Node B,A -> B
A,Node A,C,Node C,A -> C
B,Node B,D,Node D,B -> D
B,Node B,E,Node E,B -> E

2023-04-09 08:55:14 INFO  Upload:42 - A,Node A,B,Node B,A &rarr; B
A,Node A,C,Node C,A &rarr; C
B,Node B,D,Node D,B &rarr; D
B,Node B,E,Node E,B &rarr; E

2023-04-09 08:55:32 INFO  Upload:42 - A,Node A,B,Node B,A -> B
A,Node A,C,Node C,A -> C
B,Node B,D,Node D,B -> D
B,Node B,E,Node E,B -> E

2023-04-09 08:56:52 INFO  Upload:42 - 0219919487,Société Regionale d'Investissement de Wallonie,0405747040,PRAYON,LF A2
0219919487,Société Regionale d'Investissement de Wallonie,0418217577,Société Nationale de Construction Aérospatiale,LF A2
0219919487,Société Regionale d'Investissement de Wallonie,0419202029,B.E. FIN SA,Liege
0219919487,Société Regionale d'Investissement de Wallonie,0421988404,FIWAPAC SA,Liege
0219919487,Société Regionale d'Investissement de Wallonie,0426091207,SOFIBAIL SA,Liege
0219919487,Société Regionale d'Investissement de Wallonie,0426516918,SRIW ENVIRONNEMENT SA,Liege
0219919487,Société Regionale d'Investissement de Wallonie,0429547573,SRIW FINANCE SA,Liege
0219919487,Société Regionale d'Investissement de Wallonie,0434854760,SRIW IMMOBILIER SA,Liege
0219919487,Société Regionale d'Investissement de Wallonie,0437249076,SYNERGIES WALLONIE SA,Liege
0219919487,Société Regionale d'Investissement de Wallonie,0455653441,SOWECSOM SA,Liege
0219919487,Société Regionale d'Investissement de Wallonie,0466557627,Société DE FINANCEMENT DES EAUX SA,Liege
0219919487,Société Regionale d'Investissement de Wallonie,0657816980,WOW SA,Liege
0405747040,PRAYON,0425177823,Société INDUSTRIELLE LIEGEOISE DES OXYDES,LF A2
0405747040,PRAYON,0405742090,PRAYON BENELUX SA,Liege
0405747040,PRAYON,0419644566,PRAYON TECHNOLOGIES SA,Liege
0405747040,PRAYON,0440744838,beLife SA,Liege
0405747040,PRAYON,0846150202,beLife Intermediates SA,Liege
0418217577,Société Nationale de Construction Aérospatiale,0444302758,HOMIFREEZ,bestand centra
0418217577,Société Nationale de Construction Aérospatiale,0631792672,SONACA VENTURES HOLDING,SCS
0418217577,Société Nationale de Construction Aérospatiale,0637867149,SONACA AIRCRAFT,SCS
0425177823,Société INDUSTRIELLE LIEGEOISE DES OXYDES,0401872483,JEAN GOLDSCHMIDT INTERNATIONAL,LF A2
0425177823,Société INDUSTRIELLE LIEGEOISE DES OXYDES,0401872483,JEAN GOLDSCHMIDT INTERNATIONAL,Liege
0425177823,Société INDUSTRIELLE LIEGEOISE DES OXYDES,0425177823,Société INDUSTRIELLE LIEGEOISE DES OXYDES,Liege
0425177823,Société INDUSTRIELLE LIEGEOISE DES OXYDES,0427416939,HYDROMETAL,Liege
0426516918,SRIW ENVIRONNEMENT SA,0435376382,NV DEME ENVIRONMENTAL CONTRACTORS,LF A2
0429547573,SRIW FINANCE SA,0407026747,SA LIBEERT,LF A2

2023-04-09 09:05:55 INFO  Upload:42 - A,Node A,B,Node B,A -> B
A,Node A,C,Node C,A -> C
B,Node B,D,Node D,B -> D
B,Node B,E,Node E,B -> E

2023-04-09 09:06:43 INFO  Upload:42 - A,Node A,B,Node B,A -> B
A,Node A,C,Node C,A -> C
B,Node B,D,Node D,B -> D
B,Node B,E,Node E,B -> E

2023-04-09 09:07:44 INFO  Upload:42 - 0253445063,SOCIETE FEDERALE DE PARTICIPATIONS ET D'INVESTISSEMENT - FEDERALE PARTICIPATIE- EN INVESTERINGSMAATSCHAPPIJ,0418217577,SA Société Nationale de Construction Aérospatiale,UPE
0253445063,SOCIETE FEDERALE DE PARTICIPATIONS ET D'INVESTISSEMENT - FEDERALE PARTICIPATIE- EN INVESTERINGSMAATSCHAPPIJ,0432618812,SA SAFRAN AERO BOOSTER,UPE
0253445063,SOCIETE FEDERALE DE PARTICIPATIONS ET D'INVESTISSEMENT - FEDERALE PARTICIPATIE- EN INVESTERINGSMAATSCHAPPIJ,0890082292,NV BRUSSELS AIRPORT COMPANY,UPE
0253445063,SOCIETE FEDERALE DE PARTICIPATIONS ET D'INVESTISSEMENT - FEDERALE PARTICIPATIE- EN INVESTERINGSMAATSCHAPPIJ,0411892088,SBI-BMI SA,CONSO
0253445063,SOCIETE FEDERALE DE PARTICIPATIONS ET D'INVESTISSEMENT - FEDERALE PARTICIPATIE- EN INVESTERINGSMAATSCHAPPIJ,0867095371,FIF-FSI SA,CONSO
0253445063,SOCIETE FEDERALE DE PARTICIPATIONS ET D'INVESTISSEMENT - FEDERALE PARTICIPATIE- EN INVESTERINGSMAATSCHAPPIJ,0867141297,PALAIS DES CONGRES - CONGRESPALEIS SA,CONSO
0253445063,SOCIETE FEDERALE DE PARTICIPATIONS ET D'INVESTISSEMENT - FEDERALE PARTICIPATIE- EN INVESTERINGSMAATSCHAPPIJ,0890159991,CERTI-FED SA,CONSO
0253445063,SOCIETE FEDERALE DE PARTICIPATIONS ET D'INVESTISSEMENT - FEDERALE PARTICIPATIE- EN INVESTERINGSMAATSCHAPPIJ,0890975484,KASTEEL CANTECROY BEHEER SA,CONSO
0418217577,Société Nationale de Construction Aérospatiale,0444302758,HOMIFREEZ,CONSO
0418217577,Société Nationale de Construction Aérospatiale,0631792672,SONACA VENTURES HOLDING,CONSO
0418217577,Société Nationale de Construction Aérospatiale,0637867149,SONACA AIRCRAFT,CONSO
0890082292,BRUSSELS AIRPORT COMPANY,0700664949,Cargo & Logistics Real Estate NV,CONSO
0890082292,BRUSSELS AIRPORT COMPANY,0863269712,DNB BA,CONSO

